<?xml version="1.0" encoding="UTF-8"?>
<testsuite name="TestSuite" time="12.248" tests="4" errors="0" skipped="2" failures="1">
  <properties>
    <property name="java.runtime.name" value="Java(TM) SE Runtime Environment"/>
    <property name="sun.boot.library.path" value="C:\Program Files\Java\jdk1.8.0_161\jre\bin"/>
    <property name="java.vm.version" value="25.161-b12"/>
    <property name="java.vm.vendor" value="Oracle Corporation"/>
    <property name="maven.multiModuleProjectDirectory" value="D:\eclipse-workspace\APBCBS"/>
    <property name="java.vendor.url" value="http://java.oracle.com/"/>
    <property name="path.separator" value=";"/>
    <property name="guice.disable.misplaced.annotation.check" value="true"/>
    <property name="java.vm.name" value="Java HotSpot(TM) 64-Bit Server VM"/>
    <property name="file.encoding.pkg" value="sun.io"/>
    <property name="user.script" value=""/>
    <property name="user.country" value="US"/>
    <property name="sun.java.launcher" value="SUN_STANDARD"/>
    <property name="sun.os.patch.level" value=""/>
    <property name="java.vm.specification.name" value="Java Virtual Machine Specification"/>
    <property name="user.dir" value="D:\eclipse-workspace\APBCBS"/>
    <property name="java.runtime.version" value="1.8.0_161-b12"/>
    <property name="java.awt.graphicsenv" value="sun.awt.Win32GraphicsEnvironment"/>
    <property name="java.endorsed.dirs" value="C:\Program Files\Java\jdk1.8.0_161\jre\lib\endorsed"/>
    <property name="os.arch" value="amd64"/>
    <property name="java.io.tmpdir" value="C:\Users\A122IXLR\AppData\Local\Temp\"/>
    <property name="line.separator" value="&#10;"/>
    <property name="java.vm.specification.vendor" value="Oracle Corporation"/>
    <property name="user.variant" value=""/>
    <property name="os.name" value="Windows 10"/>
    <property name="classworlds.conf" value="D:\eclipse-workspace\.metadata\.plugins\org.eclipse.m2e.launching\launches\m2conf6802970172274691048.tmp"/>
    <property name="sun.jnu.encoding" value="Cp1252"/>
    <property name="java.library.path" value="C:\Program Files\Java\jdk1.8.0_161\bin;C:\windows\Sun\Java\bin;C:\windows\system32;C:\windows;C:/Program Files/Java/jdk1.8.0_161/bin/../jre/bin/server;C:/Program Files/Java/jdk1.8.0_161/bin/../jre/bin;C:/Program Files/Java/jdk1.8.0_161/bin/../jre/lib/amd64;D:\app\A122ixlr\product\11.2.0\dbhome_1\bin;C:\windows\system32;C:\windows;C:\windows\System32\Wbem;C:\windows\System32\WindowsPowerShell\v1.0\;C:\Program Files\nodejs\;C:\Program Files\Git\cmd;C:\Program Files (x86)\PuTTY\;C:\Program Files\Java\jdk1.8.0_161\bin;C:\Users\A122IXLR\AppData\Local\Android\android-sdk\tools;C:\Program Files\Maven\bin;C:\Users\A122IXLR\AppData\Local\Android\android-sdk\platform-tools;C:\Users\A122IXLR\AppData\Roaming\npm;C:\Users\A122IXLR\AppData\Local\Programs\Python\Python36;D:\Appium\Instant Client\instantclient_12_2;C:\Users\A122IXLR\AppData\Local\Microsoft\WindowsApps;C:\Program Files\Java\jre1.8.0_162\bin;;D:\Eclipse\eclipse;;."/>
    <property name="java.specification.name" value="Java Platform API Specification"/>
    <property name="java.class.version" value="52.0"/>
    <property name="sun.management.compiler" value="HotSpot 64-Bit Tiered Compilers"/>
    <property name="os.version" value="10.0"/>
    <property name="user.home" value="C:\Users\A122IXLR"/>
    <property name="user.timezone" value="Asia/Calcutta"/>
    <property name="java.awt.printerjob" value="sun.awt.windows.WPrinterJob"/>
    <property name="java.specification.version" value="1.8"/>
    <property name="file.encoding" value="Cp1252"/>
    <property name="user.name" value="A122IXLR"/>
    <property name="java.class.path" value="D:\Eclipse\eclipse\plugins\org.eclipse.m2e.maven.runtime_1.8.2.20171007-0216\jars\plexus-classworlds-2.5.2.jar"/>
    <property name="java.vm.specification.version" value="1.8"/>
    <property name="sun.arch.data.model" value="64"/>
    <property name="java.home" value="C:\Program Files\Java\jdk1.8.0_161\jre"/>
    <property name="sun.java.command" value="org.codehaus.plexus.classworlds.launcher.Launcher -B clean install"/>
    <property name="java.specification.vendor" value="Oracle Corporation"/>
    <property name="user.language" value="en"/>
    <property name="awt.toolkit" value="sun.awt.windows.WToolkit"/>
    <property name="java.vm.info" value="mixed mode"/>
    <property name="java.version" value="1.8.0_161"/>
    <property name="java.ext.dirs" value="C:\Program Files\Java\jdk1.8.0_161\jre\lib\ext;C:\windows\Sun\Java\lib\ext"/>
    <property name="sun.boot.class.path" value="C:\Program Files\Java\jdk1.8.0_161\jre\lib\resources.jar;C:\Program Files\Java\jdk1.8.0_161\jre\lib\rt.jar;C:\Program Files\Java\jdk1.8.0_161\jre\lib\sunrsasign.jar;C:\Program Files\Java\jdk1.8.0_161\jre\lib\jsse.jar;C:\Program Files\Java\jdk1.8.0_161\jre\lib\jce.jar;C:\Program Files\Java\jdk1.8.0_161\jre\lib\charsets.jar;C:\Program Files\Java\jdk1.8.0_161\jre\lib\jfr.jar;C:\Program Files\Java\jdk1.8.0_161\jre\classes"/>
    <property name="java.vendor" value="Oracle Corporation"/>
    <property name="maven.home" value="D:\eclipse-workspace\APBCBS\EMBEDDED"/>
    <property name="file.separator" value="\"/>
    <property name="java.vendor.url.bug" value="http://bugreport.sun.com/bugreport/"/>
    <property name="sun.cpu.endian" value="little"/>
    <property name="sun.io.unicode.encoding" value="UnicodeLittle"/>
    <property name="sun.desktop" value="windows"/>
    <property name="sun.cpu.isalist" value="amd64"/>
  </properties>
  <testcase name="verifyA006Response_0" classname="com.APBCBS.api.TestCases.VerifyA006Response" time="12.248"/>
  <testcase name="verifyA006Response_0" classname="com.APBCBS.api.TestCases.VerifyA006Response" time="0">
    <skipped/>
    <system-out><![CDATA[DEBUG   15348   [freemark] (): Couldn't find template in cache for "index.ftl"("en", UTF-8, parsed); will try to load it.
DEBUG   15348   [freemark] (): TemplateLoader.findTemplateSource("index_en.ftl"): Not found
DEBUG   15348   [freemark] (): TemplateLoader.findTemplateSource("index.ftl"): Found
DEBUG   15348   [freemark] (): Loading template for "index.ftl"("en", UTF-8, parsed) from "jar:file:/C:/Users/A122IXLR/.m2/repository/com/aventstack/extentreports/3.0.6/extentreports-3.0.6.jar!/com/aventstack/extentreports/view/html-report/index.ftl"
DEBUG   15348   [freemark] (): Couldn't find template in cache for "head.ftl"("en", UTF-8, parsed); will try to load it.
DEBUG   15348   [freemark] (): TemplateLoader.findTemplateSource("head_en.ftl"): Not found
DEBUG   15348   [freemark] (): TemplateLoader.findTemplateSource("head.ftl"): Found
DEBUG   15348   [freemark] (): Loading template for "head.ftl"("en", UTF-8, parsed) from "jar:file:/C:/Users/A122IXLR/.m2/repository/com/aventstack/extentreports/3.0.6/extentreports-3.0.6.jar!/com/aventstack/extentreports/view/html-report/head.ftl"
DEBUG   15348   [freemark] (): Couldn't find template in cache for "nav.ftl"("en", UTF-8, parsed); will try to load it.
DEBUG   15348   [freemark] (): TemplateLoader.findTemplateSource("nav_en.ftl"): Not found
DEBUG   15348   [freemark] (): TemplateLoader.findTemplateSource("nav.ftl"): Found
DEBUG   15348   [freemark] (): Loading template for "nav.ftl"("en", UTF-8, parsed) from "jar:file:/C:/Users/A122IXLR/.m2/repository/com/aventstack/extentreports/3.0.6/extentreports-3.0.6.jar!/com/aventstack/extentreports/view/html-report/nav.ftl"
DEBUG   15348   [freemark] (): Couldn't find template in cache for "test-view/test-view.ftl"("en", UTF-8, parsed); will try to load it.
DEBUG   15348   [freemark] (): TemplateLoader.findTemplateSource("test-view/test-view_en.ftl"): Not found
DEBUG   15348   [freemark] (): TemplateLoader.findTemplateSource("test-view/test-view.ftl"): Found
DEBUG   15348   [freemark] (): Loading template for "test-view/test-view.ftl"("en", UTF-8, parsed) from "jar:file:/C:/Users/A122IXLR/.m2/repository/com/aventstack/extentreports/3.0.6/extentreports-3.0.6.jar!/com/aventstack/extentreports/view/html-report/test-view/test-view.ftl"
DEBUG   15348   [freemark] (): Couldn't find template in cache for "test-view/test-view-charts.ftl"("en", UTF-8, parsed); will try to load it.
DEBUG   15348   [freemark] (): TemplateLoader.findTemplateSource("test-view/test-view-charts_en.ftl"): Not found
DEBUG   15348   [freemark] (): TemplateLoader.findTemplateSource("test-view/test-view-charts.ftl"): Found
DEBUG   15348   [freemark] (): Loading template for "test-view/test-view-charts.ftl"("en", UTF-8, parsed) from "jar:file:/C:/Users/A122IXLR/.m2/repository/com/aventstack/extentreports/3.0.6/extentreports-3.0.6.jar!/com/aventstack/extentreports/view/html-report/test-view/test-view-charts.ftl"
DEBUG   15348   [freemark] (): Couldn't find template in cache for "test-view/standard.ftl"("en", UTF-8, parsed); will try to load it.
DEBUG   15348   [freemark] (): TemplateLoader.findTemplateSource("test-view/standard_en.ftl"): Not found
DEBUG   15348   [freemark] (): TemplateLoader.findTemplateSource("test-view/standard.ftl"): Found
DEBUG   15348   [freemark] (): Loading template for "test-view/standard.ftl"("en", UTF-8, parsed) from "jar:file:/C:/Users/A122IXLR/.m2/repository/com/aventstack/extentreports/3.0.6/extentreports-3.0.6.jar!/com/aventstack/extentreports/view/html-report/test-view/standard.ftl"
DEBUG   15348   [freemark] (): Couldn't find template in cache for "category-view/category-view.ftl"("en", UTF-8, parsed); will try to load it.
DEBUG   15348   [freemark] (): TemplateLoader.findTemplateSource("category-view/category-view_en.ftl"): Not found
DEBUG   15348   [freemark] (): TemplateLoader.findTemplateSource("category-view/category-view.ftl"): Found
DEBUG   15348   [freemark] (): Loading template for "category-view/category-view.ftl"("en", UTF-8, parsed) from "jar:file:/C:/Users/A122IXLR/.m2/repository/com/aventstack/extentreports/3.0.6/extentreports-3.0.6.jar!/com/aventstack/extentreports/view/html-report/category-view/category-view.ftl"
DEBUG   15348   [freemark] (): Couldn't find template in cache for "author-view/author-view.ftl"("en", UTF-8, parsed); will try to load it.
DEBUG   15348   [freemark] (): TemplateLoader.findTemplateSource("author-view/author-view_en.ftl"): Not found
DEBUG   15348   [freemark] (): TemplateLoader.findTemplateSource("author-view/author-view.ftl"): Found
DEBUG   15348   [freemark] (): Loading template for "author-view/author-view.ftl"("en", UTF-8, parsed) from "jar:file:/C:/Users/A122IXLR/.m2/repository/com/aventstack/extentreports/3.0.6/extentreports-3.0.6.jar!/com/aventstack/extentreports/view/html-report/author-view/author-view.ftl"
DEBUG   15348   [freemark] (): Couldn't find template in cache for "exception-view/exception-view.ftl"("en", UTF-8, parsed); will try to load it.
DEBUG   15348   [freemark] (): TemplateLoader.findTemplateSource("exception-view/exception-view_en.ftl"): Not found
DEBUG   15348   [freemark] (): TemplateLoader.findTemplateSource("exception-view/exception-view.ftl"): Found
DEBUG   15348   [freemark] (): Loading template for "exception-view/exception-view.ftl"("en", UTF-8, parsed) from "jar:file:/C:/Users/A122IXLR/.m2/repository/com/aventstack/extentreports/3.0.6/extentreports-3.0.6.jar!/com/aventstack/extentreports/view/html-report/exception-view/exception-view.ftl"
DEBUG   15348   [freemark] (): Couldn't find template in cache for "dashboard-view/dashboard-view.ftl"("en", UTF-8, parsed); will try to load it.
DEBUG   15348   [freemark] (): TemplateLoader.findTemplateSource("dashboard-view/dashboard-view_en.ftl"): Not found
DEBUG   15348   [freemark] (): TemplateLoader.findTemplateSource("dashboard-view/dashboard-view.ftl"): Found
DEBUG   15348   [freemark] (): Loading template for "dashboard-view/dashboard-view.ftl"("en", UTF-8, parsed) from "jar:file:/C:/Users/A122IXLR/.m2/repository/com/aventstack/extentreports/3.0.6/extentreports-3.0.6.jar!/com/aventstack/extentreports/view/html-report/dashboard-view/dashboard-view.ftl"
DEBUG   15348   [freemark] (): Couldn't find template in cache for "logs-view/testrunner-logs-view.ftl"("en", UTF-8, parsed); will try to load it.
DEBUG   15348   [freemark] (): TemplateLoader.findTemplateSource("logs-view/testrunner-logs-view_en.ftl"): Not found
DEBUG   15348   [freemark] (): TemplateLoader.findTemplateSource("logs-view/testrunner-logs-view.ftl"): Found
DEBUG   15348   [freemark] (): Loading template for "logs-view/testrunner-logs-view.ftl"("en", UTF-8, parsed) from "jar:file:/C:/Users/A122IXLR/.m2/repository/com/aventstack/extentreports/3.0.6/extentreports-3.0.6.jar!/com/aventstack/extentreports/view/html-report/logs-view/testrunner-logs-view.ftl"
<?xml version="1.0" encoding="UTF-8" standalone="yes"?>
<input>
    <EarmarkType>3</EarmarkType>
    <ExpiryDate>20221201</ExpiryDate>
    <fromAccount>1000002054</fromAccount>
    <fromCustNationalIdentificationCode></fromCustNationalIdentificationCode>
    <fromCustomerSegment></fromCustomerSegment>
    <HoldAmount>1</HoldAmount>
    <HoldNumber>1</HoldNumber>
    <Narrative>test1600</Narrative>
    <ProductCode></ProductCode>
    <SessionContext>
        <BankCode>753</BankCode>
        <Channel>API</Channel>
        <ExternalBatchNumber></ExternalBatchNumber>
        <ExternalReferenceNo>9179331430</ExternalReferenceNo>
        <ExternalSystemAuditTrailNumber></ExternalSystemAuditTrailNumber>
        <LocalDateTimeText></LocalDateTimeText>
        <OriginalReferenceNo></OriginalReferenceNo>
        <OverridenWarnings></OverridenWarnings>
        <PostingDateText></PostingDateText>
        <ServiceCode>A006</ServiceCode>
        <ServiceTicket></ServiceTicket>
        <SuperContext>
            <PrimaryPassword></PrimaryPassword>
            <UserId></UserId>
        </SuperContext>
        <TransactionBranch>9999</TransactionBranch>
        <UserId>SYSTELLER</UserId>
        <UserReferenceNumber></UserReferenceNumber>
        <ValueDateText></ValueDateText>
    </SessionContext>
    <toAccount>8000965856</toAccount>
    <toCustNationalIdentificationCode></toCustNationalIdentificationCode>
    <toCustomerSegment></toCustomerSegment>
    <ToProductCode></ToProductCode>
    <TxnAction>d</TxnAction>
</input>

<?xml version="1.0"?>
<Response><TransactionStatus><ExtendedReply><MessagesArray/></ExtendedReply><ErrorCode>8102</ErrorCode><ExternalReferenceNo>9179331430</ExternalReferenceNo><IsOverriden>false</IsOverriden><IsServiceChargeApplied>false</IsServiceChargeApplied><Memo/><ReplyCode>99</ReplyCode><ReplyText>Sorry! Transaction could not be processed due to invalid trasnaction reference number</ReplyText><SpReturnValue>0</SpReturnValue></TransactionStatus></Response>

ErrorCode : 8102
Retrying test verifyA006Response_0 with status FAILURE for the 1 time(s).
]]></system-out>
  </testcase>
  <testcase name="verifyA006Response_0" classname="com.APBCBS.api.TestCases.VerifyA006Response" time="0">
    <skipped/>
    <system-out><![CDATA[DEBUG   15348   [freemark] (): Couldn't find template in cache for "index.ftl"("en", UTF-8, parsed); will try to load it.
DEBUG   15348   [freemark] (): TemplateLoader.findTemplateSource("index_en.ftl"): Not found
DEBUG   15348   [freemark] (): TemplateLoader.findTemplateSource("index.ftl"): Found
DEBUG   15348   [freemark] (): Loading template for "index.ftl"("en", UTF-8, parsed) from "jar:file:/C:/Users/A122IXLR/.m2/repository/com/aventstack/extentreports/3.0.6/extentreports-3.0.6.jar!/com/aventstack/extentreports/view/html-report/index.ftl"
DEBUG   15348   [freemark] (): Couldn't find template in cache for "head.ftl"("en", UTF-8, parsed); will try to load it.
DEBUG   15348   [freemark] (): TemplateLoader.findTemplateSource("head_en.ftl"): Not found
DEBUG   15348   [freemark] (): TemplateLoader.findTemplateSource("head.ftl"): Found
DEBUG   15348   [freemark] (): Loading template for "head.ftl"("en", UTF-8, parsed) from "jar:file:/C:/Users/A122IXLR/.m2/repository/com/aventstack/extentreports/3.0.6/extentreports-3.0.6.jar!/com/aventstack/extentreports/view/html-report/head.ftl"
DEBUG   15348   [freemark] (): Couldn't find template in cache for "nav.ftl"("en", UTF-8, parsed); will try to load it.
DEBUG   15348   [freemark] (): TemplateLoader.findTemplateSource("nav_en.ftl"): Not found
DEBUG   15348   [freemark] (): TemplateLoader.findTemplateSource("nav.ftl"): Found
DEBUG   15348   [freemark] (): Loading template for "nav.ftl"("en", UTF-8, parsed) from "jar:file:/C:/Users/A122IXLR/.m2/repository/com/aventstack/extentreports/3.0.6/extentreports-3.0.6.jar!/com/aventstack/extentreports/view/html-report/nav.ftl"
DEBUG   15348   [freemark] (): Couldn't find template in cache for "test-view/test-view.ftl"("en", UTF-8, parsed); will try to load it.
DEBUG   15348   [freemark] (): TemplateLoader.findTemplateSource("test-view/test-view_en.ftl"): Not found
DEBUG   15348   [freemark] (): TemplateLoader.findTemplateSource("test-view/test-view.ftl"): Found
DEBUG   15348   [freemark] (): Loading template for "test-view/test-view.ftl"("en", UTF-8, parsed) from "jar:file:/C:/Users/A122IXLR/.m2/repository/com/aventstack/extentreports/3.0.6/extentreports-3.0.6.jar!/com/aventstack/extentreports/view/html-report/test-view/test-view.ftl"
DEBUG   15348   [freemark] (): Couldn't find template in cache for "test-view/test-view-charts.ftl"("en", UTF-8, parsed); will try to load it.
DEBUG   15348   [freemark] (): TemplateLoader.findTemplateSource("test-view/test-view-charts_en.ftl"): Not found
DEBUG   15348   [freemark] (): TemplateLoader.findTemplateSource("test-view/test-view-charts.ftl"): Found
DEBUG   15348   [freemark] (): Loading template for "test-view/test-view-charts.ftl"("en", UTF-8, parsed) from "jar:file:/C:/Users/A122IXLR/.m2/repository/com/aventstack/extentreports/3.0.6/extentreports-3.0.6.jar!/com/aventstack/extentreports/view/html-report/test-view/test-view-charts.ftl"
DEBUG   15348   [freemark] (): Couldn't find template in cache for "test-view/standard.ftl"("en", UTF-8, parsed); will try to load it.
DEBUG   15348   [freemark] (): TemplateLoader.findTemplateSource("test-view/standard_en.ftl"): Not found
DEBUG   15348   [freemark] (): TemplateLoader.findTemplateSource("test-view/standard.ftl"): Found
DEBUG   15348   [freemark] (): Loading template for "test-view/standard.ftl"("en", UTF-8, parsed) from "jar:file:/C:/Users/A122IXLR/.m2/repository/com/aventstack/extentreports/3.0.6/extentreports-3.0.6.jar!/com/aventstack/extentreports/view/html-report/test-view/standard.ftl"
DEBUG   15348   [freemark] (): Couldn't find template in cache for "category-view/category-view.ftl"("en", UTF-8, parsed); will try to load it.
DEBUG   15348   [freemark] (): TemplateLoader.findTemplateSource("category-view/category-view_en.ftl"): Not found
DEBUG   15348   [freemark] (): TemplateLoader.findTemplateSource("category-view/category-view.ftl"): Found
DEBUG   15348   [freemark] (): Loading template for "category-view/category-view.ftl"("en", UTF-8, parsed) from "jar:file:/C:/Users/A122IXLR/.m2/repository/com/aventstack/extentreports/3.0.6/extentreports-3.0.6.jar!/com/aventstack/extentreports/view/html-report/category-view/category-view.ftl"
DEBUG   15348   [freemark] (): Couldn't find template in cache for "author-view/author-view.ftl"("en", UTF-8, parsed); will try to load it.
DEBUG   15348   [freemark] (): TemplateLoader.findTemplateSource("author-view/author-view_en.ftl"): Not found
DEBUG   15348   [freemark] (): TemplateLoader.findTemplateSource("author-view/author-view.ftl"): Found
DEBUG   15348   [freemark] (): Loading template for "author-view/author-view.ftl"("en", UTF-8, parsed) from "jar:file:/C:/Users/A122IXLR/.m2/repository/com/aventstack/extentreports/3.0.6/extentreports-3.0.6.jar!/com/aventstack/extentreports/view/html-report/author-view/author-view.ftl"
DEBUG   15348   [freemark] (): Couldn't find template in cache for "exception-view/exception-view.ftl"("en", UTF-8, parsed); will try to load it.
DEBUG   15348   [freemark] (): TemplateLoader.findTemplateSource("exception-view/exception-view_en.ftl"): Not found
DEBUG   15348   [freemark] (): TemplateLoader.findTemplateSource("exception-view/exception-view.ftl"): Found
DEBUG   15348   [freemark] (): Loading template for "exception-view/exception-view.ftl"("en", UTF-8, parsed) from "jar:file:/C:/Users/A122IXLR/.m2/repository/com/aventstack/extentreports/3.0.6/extentreports-3.0.6.jar!/com/aventstack/extentreports/view/html-report/exception-view/exception-view.ftl"
DEBUG   15348   [freemark] (): Couldn't find template in cache for "dashboard-view/dashboard-view.ftl"("en", UTF-8, parsed); will try to load it.
DEBUG   15348   [freemark] (): TemplateLoader.findTemplateSource("dashboard-view/dashboard-view_en.ftl"): Not found
DEBUG   15348   [freemark] (): TemplateLoader.findTemplateSource("dashboard-view/dashboard-view.ftl"): Found
DEBUG   15348   [freemark] (): Loading template for "dashboard-view/dashboard-view.ftl"("en", UTF-8, parsed) from "jar:file:/C:/Users/A122IXLR/.m2/repository/com/aventstack/extentreports/3.0.6/extentreports-3.0.6.jar!/com/aventstack/extentreports/view/html-report/dashboard-view/dashboard-view.ftl"
DEBUG   15348   [freemark] (): Couldn't find template in cache for "logs-view/testrunner-logs-view.ftl"("en", UTF-8, parsed); will try to load it.
DEBUG   15348   [freemark] (): TemplateLoader.findTemplateSource("logs-view/testrunner-logs-view_en.ftl"): Not found
DEBUG   15348   [freemark] (): TemplateLoader.findTemplateSource("logs-view/testrunner-logs-view.ftl"): Found
DEBUG   15348   [freemark] (): Loading template for "logs-view/testrunner-logs-view.ftl"("en", UTF-8, parsed) from "jar:file:/C:/Users/A122IXLR/.m2/repository/com/aventstack/extentreports/3.0.6/extentreports-3.0.6.jar!/com/aventstack/extentreports/view/html-report/logs-view/testrunner-logs-view.ftl"
<?xml version="1.0" encoding="UTF-8" standalone="yes"?>
<input>
    <EarmarkType>3</EarmarkType>
    <ExpiryDate>20221201</ExpiryDate>
    <fromAccount>1000002054</fromAccount>
    <fromCustNationalIdentificationCode></fromCustNationalIdentificationCode>
    <fromCustomerSegment></fromCustomerSegment>
    <HoldAmount>1</HoldAmount>
    <HoldNumber>1</HoldNumber>
    <Narrative>test1600</Narrative>
    <ProductCode></ProductCode>
    <SessionContext>
        <BankCode>753</BankCode>
        <Channel>API</Channel>
        <ExternalBatchNumber></ExternalBatchNumber>
        <ExternalReferenceNo>9277533041</ExternalReferenceNo>
        <ExternalSystemAuditTrailNumber></ExternalSystemAuditTrailNumber>
        <LocalDateTimeText></LocalDateTimeText>
        <OriginalReferenceNo></OriginalReferenceNo>
        <OverridenWarnings></OverridenWarnings>
        <PostingDateText></PostingDateText>
        <ServiceCode>A006</ServiceCode>
        <ServiceTicket></ServiceTicket>
        <SuperContext>
            <PrimaryPassword></PrimaryPassword>
            <UserId></UserId>
        </SuperContext>
        <TransactionBranch>9999</TransactionBranch>
        <UserId>SYSTELLER</UserId>
        <UserReferenceNumber></UserReferenceNumber>
        <ValueDateText></ValueDateText>
    </SessionContext>
    <toAccount>8000965856</toAccount>
    <toCustNationalIdentificationCode></toCustNationalIdentificationCode>
    <toCustomerSegment></toCustomerSegment>
    <ToProductCode></ToProductCode>
    <TxnAction>d</TxnAction>
</input>

<?xml version="1.0"?>
<Response><TransactionStatus><ExtendedReply><MessagesArray/></ExtendedReply><ErrorCode>8102</ErrorCode><ExternalReferenceNo>9277533041</ExternalReferenceNo><IsOverriden>false</IsOverriden><IsServiceChargeApplied>false</IsServiceChargeApplied><Memo/><ReplyCode>99</ReplyCode><ReplyText>Sorry! Transaction could not be processed due to invalid trasnaction reference number</ReplyText><SpReturnValue>0</SpReturnValue></TransactionStatus></Response>

ErrorCode : 8102
Retrying test verifyA006Response_0 with status FAILURE for the 2 time(s).
]]></system-out>
  </testcase>
  <testcase name="verifyA006Response_0" classname="com.APBCBS.api.TestCases.VerifyA006Response" time="0.758">
    <failure message="expected [0] but found [8102]" type="java.lang.AssertionError">java.lang.AssertionError: expected [0] but found [8102]
	at org.testng.Assert.fail(Assert.java:93)
	at org.testng.Assert.failNotEquals(Assert.java:512)
	at org.testng.Assert.assertEqualsImpl(Assert.java:134)
	at org.testng.Assert.assertEquals(Assert.java:115)
	at org.testng.Assert.assertEquals(Assert.java:189)
	at org.testng.Assert.assertEquals(Assert.java:199)
	at com.APBCBS.api.ApiClasses.A006API.postRequestWithValidData(A006API.java:36)
	at com.APBCBS.api.TestCases.VerifyA006Response.verifyA006Response_0(VerifyA006Response.java:22)
</failure>
    <system-out><![CDATA[DEBUG   15348   [freemark] (): Couldn't find template in cache for "index.ftl"("en", UTF-8, parsed); will try to load it.
DEBUG   15348   [freemark] (): TemplateLoader.findTemplateSource("index_en.ftl"): Not found
DEBUG   15348   [freemark] (): TemplateLoader.findTemplateSource("index.ftl"): Found
DEBUG   15348   [freemark] (): Loading template for "index.ftl"("en", UTF-8, parsed) from "jar:file:/C:/Users/A122IXLR/.m2/repository/com/aventstack/extentreports/3.0.6/extentreports-3.0.6.jar!/com/aventstack/extentreports/view/html-report/index.ftl"
DEBUG   15348   [freemark] (): Couldn't find template in cache for "head.ftl"("en", UTF-8, parsed); will try to load it.
DEBUG   15348   [freemark] (): TemplateLoader.findTemplateSource("head_en.ftl"): Not found
DEBUG   15348   [freemark] (): TemplateLoader.findTemplateSource("head.ftl"): Found
DEBUG   15348   [freemark] (): Loading template for "head.ftl"("en", UTF-8, parsed) from "jar:file:/C:/Users/A122IXLR/.m2/repository/com/aventstack/extentreports/3.0.6/extentreports-3.0.6.jar!/com/aventstack/extentreports/view/html-report/head.ftl"
DEBUG   15348   [freemark] (): Couldn't find template in cache for "nav.ftl"("en", UTF-8, parsed); will try to load it.
DEBUG   15348   [freemark] (): TemplateLoader.findTemplateSource("nav_en.ftl"): Not found
DEBUG   15348   [freemark] (): TemplateLoader.findTemplateSource("nav.ftl"): Found
DEBUG   15348   [freemark] (): Loading template for "nav.ftl"("en", UTF-8, parsed) from "jar:file:/C:/Users/A122IXLR/.m2/repository/com/aventstack/extentreports/3.0.6/extentreports-3.0.6.jar!/com/aventstack/extentreports/view/html-report/nav.ftl"
DEBUG   15348   [freemark] (): Couldn't find template in cache for "test-view/test-view.ftl"("en", UTF-8, parsed); will try to load it.
DEBUG   15348   [freemark] (): TemplateLoader.findTemplateSource("test-view/test-view_en.ftl"): Not found
DEBUG   15348   [freemark] (): TemplateLoader.findTemplateSource("test-view/test-view.ftl"): Found
DEBUG   15348   [freemark] (): Loading template for "test-view/test-view.ftl"("en", UTF-8, parsed) from "jar:file:/C:/Users/A122IXLR/.m2/repository/com/aventstack/extentreports/3.0.6/extentreports-3.0.6.jar!/com/aventstack/extentreports/view/html-report/test-view/test-view.ftl"
DEBUG   15348   [freemark] (): Couldn't find template in cache for "test-view/test-view-charts.ftl"("en", UTF-8, parsed); will try to load it.
DEBUG   15348   [freemark] (): TemplateLoader.findTemplateSource("test-view/test-view-charts_en.ftl"): Not found
DEBUG   15348   [freemark] (): TemplateLoader.findTemplateSource("test-view/test-view-charts.ftl"): Found
DEBUG   15348   [freemark] (): Loading template for "test-view/test-view-charts.ftl"("en", UTF-8, parsed) from "jar:file:/C:/Users/A122IXLR/.m2/repository/com/aventstack/extentreports/3.0.6/extentreports-3.0.6.jar!/com/aventstack/extentreports/view/html-report/test-view/test-view-charts.ftl"
DEBUG   15348   [freemark] (): Couldn't find template in cache for "test-view/standard.ftl"("en", UTF-8, parsed); will try to load it.
DEBUG   15348   [freemark] (): TemplateLoader.findTemplateSource("test-view/standard_en.ftl"): Not found
DEBUG   15348   [freemark] (): TemplateLoader.findTemplateSource("test-view/standard.ftl"): Found
DEBUG   15348   [freemark] (): Loading template for "test-view/standard.ftl"("en", UTF-8, parsed) from "jar:file:/C:/Users/A122IXLR/.m2/repository/com/aventstack/extentreports/3.0.6/extentreports-3.0.6.jar!/com/aventstack/extentreports/view/html-report/test-view/standard.ftl"
DEBUG   15348   [freemark] (): Couldn't find template in cache for "category-view/category-view.ftl"("en", UTF-8, parsed); will try to load it.
DEBUG   15348   [freemark] (): TemplateLoader.findTemplateSource("category-view/category-view_en.ftl"): Not found
DEBUG   15348   [freemark] (): TemplateLoader.findTemplateSource("category-view/category-view.ftl"): Found
DEBUG   15348   [freemark] (): Loading template for "category-view/category-view.ftl"("en", UTF-8, parsed) from "jar:file:/C:/Users/A122IXLR/.m2/repository/com/aventstack/extentreports/3.0.6/extentreports-3.0.6.jar!/com/aventstack/extentreports/view/html-report/category-view/category-view.ftl"
DEBUG   15348   [freemark] (): Couldn't find template in cache for "author-view/author-view.ftl"("en", UTF-8, parsed); will try to load it.
DEBUG   15348   [freemark] (): TemplateLoader.findTemplateSource("author-view/author-view_en.ftl"): Not found
DEBUG   15348   [freemark] (): TemplateLoader.findTemplateSource("author-view/author-view.ftl"): Found
DEBUG   15348   [freemark] (): Loading template for "author-view/author-view.ftl"("en", UTF-8, parsed) from "jar:file:/C:/Users/A122IXLR/.m2/repository/com/aventstack/extentreports/3.0.6/extentreports-3.0.6.jar!/com/aventstack/extentreports/view/html-report/author-view/author-view.ftl"
DEBUG   15348   [freemark] (): Couldn't find template in cache for "exception-view/exception-view.ftl"("en", UTF-8, parsed); will try to load it.
DEBUG   15348   [freemark] (): TemplateLoader.findTemplateSource("exception-view/exception-view_en.ftl"): Not found
DEBUG   15348   [freemark] (): TemplateLoader.findTemplateSource("exception-view/exception-view.ftl"): Found
DEBUG   15348   [freemark] (): Loading template for "exception-view/exception-view.ftl"("en", UTF-8, parsed) from "jar:file:/C:/Users/A122IXLR/.m2/repository/com/aventstack/extentreports/3.0.6/extentreports-3.0.6.jar!/com/aventstack/extentreports/view/html-report/exception-view/exception-view.ftl"
DEBUG   15348   [freemark] (): Couldn't find template in cache for "dashboard-view/dashboard-view.ftl"("en", UTF-8, parsed); will try to load it.
DEBUG   15348   [freemark] (): TemplateLoader.findTemplateSource("dashboard-view/dashboard-view_en.ftl"): Not found
DEBUG   15348   [freemark] (): TemplateLoader.findTemplateSource("dashboard-view/dashboard-view.ftl"): Found
DEBUG   15348   [freemark] (): Loading template for "dashboard-view/dashboard-view.ftl"("en", UTF-8, parsed) from "jar:file:/C:/Users/A122IXLR/.m2/repository/com/aventstack/extentreports/3.0.6/extentreports-3.0.6.jar!/com/aventstack/extentreports/view/html-report/dashboard-view/dashboard-view.ftl"
DEBUG   15348   [freemark] (): Couldn't find template in cache for "logs-view/testrunner-logs-view.ftl"("en", UTF-8, parsed); will try to load it.
DEBUG   15348   [freemark] (): TemplateLoader.findTemplateSource("logs-view/testrunner-logs-view_en.ftl"): Not found
DEBUG   15348   [freemark] (): TemplateLoader.findTemplateSource("logs-view/testrunner-logs-view.ftl"): Found
DEBUG   15348   [freemark] (): Loading template for "logs-view/testrunner-logs-view.ftl"("en", UTF-8, parsed) from "jar:file:/C:/Users/A122IXLR/.m2/repository/com/aventstack/extentreports/3.0.6/extentreports-3.0.6.jar!/com/aventstack/extentreports/view/html-report/logs-view/testrunner-logs-view.ftl"
<?xml version="1.0" encoding="UTF-8" standalone="yes"?>
<input>
    <EarmarkType>3</EarmarkType>
    <ExpiryDate>20221201</ExpiryDate>
    <fromAccount>1000002054</fromAccount>
    <fromCustNationalIdentificationCode></fromCustNationalIdentificationCode>
    <fromCustomerSegment></fromCustomerSegment>
    <HoldAmount>1</HoldAmount>
    <HoldNumber>1</HoldNumber>
    <Narrative>test1600</Narrative>
    <ProductCode></ProductCode>
    <SessionContext>
        <BankCode>753</BankCode>
        <Channel>API</Channel>
        <ExternalBatchNumber></ExternalBatchNumber>
        <ExternalReferenceNo>9346268904</ExternalReferenceNo>
        <ExternalSystemAuditTrailNumber></ExternalSystemAuditTrailNumber>
        <LocalDateTimeText></LocalDateTimeText>
        <OriginalReferenceNo></OriginalReferenceNo>
        <OverridenWarnings></OverridenWarnings>
        <PostingDateText></PostingDateText>
        <ServiceCode>A006</ServiceCode>
        <ServiceTicket></ServiceTicket>
        <SuperContext>
            <PrimaryPassword></PrimaryPassword>
            <UserId></UserId>
        </SuperContext>
        <TransactionBranch>9999</TransactionBranch>
        <UserId>SYSTELLER</UserId>
        <UserReferenceNumber></UserReferenceNumber>
        <ValueDateText></ValueDateText>
    </SessionContext>
    <toAccount>8000965856</toAccount>
    <toCustNationalIdentificationCode></toCustNationalIdentificationCode>
    <toCustomerSegment></toCustomerSegment>
    <ToProductCode></ToProductCode>
    <TxnAction>d</TxnAction>
</input>

<?xml version="1.0"?>
<Response><TransactionStatus><ExtendedReply><MessagesArray/></ExtendedReply><ErrorCode>8102</ErrorCode><ExternalReferenceNo>9346268904</ExternalReferenceNo><IsOverriden>false</IsOverriden><IsServiceChargeApplied>false</IsServiceChargeApplied><Memo/><ReplyCode>99</ReplyCode><ReplyText>Sorry! Transaction could not be processed due to invalid trasnaction reference number</ReplyText><SpReturnValue>0</SpReturnValue></TransactionStatus></Response>

ErrorCode : 8102
]]></system-out>
  </testcase>
</testsuite>