<?xml version="1.0" encoding="UTF-8"?>
<!-- Generated by org.testng.reporters.JUnitReportReporter -->
<testsuite skipped="0" hostname="LTA122IXLR" name="com.APB.Appium.TestCases.SignUp" tests="1" failures="0" timestamp="23 Apr 2018 05:38:07 GMT" time="48.646" errors="0">
  <testcase name="personalDetails" time="48.646" classname="com.APB.Appium.TestCases.SignUp"/>
</testsuite> <!-- com.APB.Appium.TestCases.SignUp -->
