<?xml version="1.0" encoding="UTF-8"?>
<!-- Generated by org.testng.reporters.JUnitReportReporter -->
<testsuite skipped="0" hostname="LTA122IXLR" name="com.APB.Appium.TestCases.PanDetails" tests="1" failures="0" timestamp="23 Apr 2018 05:38:07 GMT" time="16.379" errors="0">
  <testcase name="panDetails" time="16.379" classname="com.APB.Appium.TestCases.PanDetails"/>
</testsuite> <!-- com.APB.Appium.TestCases.PanDetails -->
