<?xml version="1.0" encoding="UTF-8"?>
<!-- Generated by org.testng.reporters.JUnitReportReporter -->
<testsuite skipped="0" hostname="LTA122IXLR" name="com.APBCBS.api.TestCases.VerifyA023Response" tests="2" failures="0" timestamp="08 Aug 2018 10:04:21 GMT" time="5.221" errors="0">
  <testcase name="verifyA023Response_0" time="1.410" classname="com.APBCBS.api.TestCases.VerifyA023Response"/>
  <testcase name="verifyA023Response_0" time="3.811" classname="com.APBCBS.api.TestCases.VerifyA023Response"/>
</testsuite> <!-- com.APBCBS.api.TestCases.VerifyA023Response -->
