<?xml version="1.0" encoding="UTF-8"?>
<!-- Generated by org.testng.reporters.JUnitReportReporter -->
<testsuite skipped="0" hostname="LTA122IXLR" name="com.APBCBS.api.TestCases.VerifyA021Response" tests="1" failures="0" timestamp="21 Aug 2018 11:37:07 GMT" time="1.479" errors="0">
  <testcase name="verifyA021Response_0" time="1.479" classname="com.APBCBS.api.TestCases.VerifyA021Response"/>
</testsuite> <!-- com.APBCBS.api.TestCases.VerifyA021Response -->
