<?xml version="1.0" encoding="UTF-8"?>
<!-- Generated by org.testng.reporters.JUnitReportReporter -->
<testsuite skipped="0" hostname="LTA122IXLR" name="com.APBCBS.api.TestCases.VerifyA052Response" tests="1" failures="0" timestamp="08 Aug 2018 10:04:22 GMT" time="1.051" errors="0">
  <testcase name="verifyA052Response_0" time="1.051" classname="com.APBCBS.api.TestCases.VerifyA052Response"/>
</testsuite> <!-- com.APBCBS.api.TestCases.VerifyA052Response -->
