<?xml version="1.0" encoding="UTF-8"?>
<!-- Generated by org.testng.reporters.JUnitReportReporter -->
<testsuite skipped="0" hostname="LTA122IXLR" name="com.APBCBS.api.TestCases.VerifyA006Response" tests="2" failures="0" timestamp="21 Aug 2018 11:31:44 GMT" time="12.131" errors="0">
  <testcase name="verifyA006Response_0" time="1.348" classname="com.APBCBS.api.TestCases.VerifyA006Response"/>
  <testcase name="verifyA006Response_0" time="10.783" classname="com.APBCBS.api.TestCases.VerifyA006Response"/>
</testsuite> <!-- com.APBCBS.api.TestCases.VerifyA006Response -->
