<?xml version="1.0" encoding="UTF-8"?>
<!-- Generated by org.testng.reporters.JUnitReportReporter -->
<testsuite skipped="0" hostname="LTA122IXLR" name="com.APBCBS.api.TestCases.VerifyA025Response" tests="3" failures="0" timestamp="08 Aug 2018 10:04:22 GMT" time="10.141" errors="0">
  <testcase name="verifyA025Response_0" time="3.171" classname="com.APBCBS.api.TestCases.VerifyA025Response"/>
  <testcase name="verifyA025Response_0" time="3.688" classname="com.APBCBS.api.TestCases.VerifyA025Response"/>
  <testcase name="verifyA025Response_fky_SBA_0" time="3.282" classname="com.APBCBS.api.TestCases.VerifyA025Response"/>
</testsuite> <!-- com.APBCBS.api.TestCases.VerifyA025Response -->
