<?xml version="1.0" encoding="UTF-8"?>
<!-- Generated by org.testng.reporters.JUnitReportReporter -->
<testsuite skipped="0" hostname="LTA122IXLR" name="com.APBCBS.api.TestCases.VerifyA505Response" tests="1" failures="0" timestamp="08 Aug 2018 10:04:21 GMT" time="0.909" errors="0">
  <testcase name="verifyA505Response_0" time="0.909" classname="com.APBCBS.api.TestCases.VerifyA505Response"/>
</testsuite> <!-- com.APBCBS.api.TestCases.VerifyA505Response -->
