<?xml version="1.0" encoding="UTF-8"?>
<!-- Generated by org.testng.reporters.JUnitReportReporter -->
<testsuite skipped="0" hostname="LTA122IXLR" name="com.APBCBS.api.TestCases.VerifyA031Response" tests="1" failures="0" timestamp="21 Aug 2018 11:37:07 GMT" time="5.370" errors="0">
  <testcase name="verifyA031Response_0" time="5.370" classname="com.APBCBS.api.TestCases.VerifyA031Response"/>
</testsuite> <!-- com.APBCBS.api.TestCases.VerifyA031Response -->
