<?xml version="1.0" encoding="UTF-8"?>
<!-- Generated by org.testng.reporters.JUnitReportReporter -->
<testsuite skipped="0" hostname="LTA122IXLR" name="com.APBCBS.api.TestCases.VerifyA014Response" tests="1" failures="0" timestamp="08 Aug 2018 10:04:22 GMT" time="0.750" errors="0">
  <testcase name="verifyA014Response_0_1" time="0.750" classname="com.APBCBS.api.TestCases.VerifyA014Response"/>
</testsuite> <!-- com.APBCBS.api.TestCases.VerifyA014Response -->
