<?xml version="1.0" encoding="UTF-8"?>
<!-- Generated by org.testng.reporters.JUnitReportReporter -->
<testsuite skipped="0" hostname="LTA122IXLR" name="com.APBCBS.api.TestCases.VerifyA003Response" tests="2" failures="0" timestamp="08 Aug 2018 10:04:21 GMT" time="2.858" errors="0">
  <testcase name="verifyA003Response_0" time="1.155" classname="com.APBCBS.api.TestCases.VerifyA003Response"/>
  <testcase name="verifyA003Response_0" time="1.703" classname="com.APBCBS.api.TestCases.VerifyA003Response"/>
</testsuite> <!-- com.APBCBS.api.TestCases.VerifyA003Response -->
