<?xml version="1.0" encoding="UTF-8"?>
<!-- Generated by org.testng.reporters.JUnitReportReporter -->
<testsuite skipped="0" hostname="LTA122IXLR" name="com.APBCBS.api.TestCases.VerifyA013Response" tests="2" failures="0" timestamp="08 Aug 2018 10:04:22 GMT" time="1.895" errors="0">
  <testcase name="verifyA013Response_0" time="1.025" classname="com.APBCBS.api.TestCases.VerifyA013Response"/>
  <testcase name="verifyA013Response_0" time="0.870" classname="com.APBCBS.api.TestCases.VerifyA013Response"/>
</testsuite> <!-- com.APBCBS.api.TestCases.VerifyA013Response -->
