<?xml version="1.0" encoding="UTF-8"?>
<!-- Generated by org.testng.reporters.JUnitReportReporter -->
<testsuite skipped="0" hostname="LTA122IXLR" name="com.APBCBS.api.TestCases.VerifyA044Response" tests="2" failures="0" timestamp="08 Aug 2018 10:04:21 GMT" time="3.234" errors="0">
  <testcase name="verifyA044Response_0" time="1.514" classname="com.APBCBS.api.TestCases.VerifyA044Response"/>
  <testcase name="verifyA044Response_0" time="1.720" classname="com.APBCBS.api.TestCases.VerifyA044Response"/>
</testsuite> <!-- com.APBCBS.api.TestCases.VerifyA044Response -->
