<?xml version="1.0" encoding="UTF-8"?>
<!-- Generated by org.testng.reporters.JUnitReportReporter -->
<testsuite skipped="0" hostname="LTA122IXLR" name="com.APBCBS.api.TestCases.VerifyA051Response" tests="1" failures="0" timestamp="08 Aug 2018 10:04:21 GMT" time="0.637" errors="0">
  <testcase name="verifyA051Response_0" time="0.637" classname="com.APBCBS.api.TestCases.VerifyA051Response"/>
</testsuite> <!-- com.APBCBS.api.TestCases.VerifyA051Response -->
