<?xml version="1.0" encoding="UTF-8"?>
<!-- Generated by org.testng.reporters.JUnitReportReporter -->
<testsuite skipped="0" hostname="LTA122IXLR" name="com.APB.Appium.TestCases.ValidateLogin" tests="1" failures="0" timestamp="25 Apr 2018 07:19:23 GMT" time="13.720" errors="0">
  <testcase name="merchantLogin" time="13.720" classname="com.APB.Appium.TestCases.ValidateLogin"/>
</testsuite> <!-- com.APB.Appium.TestCases.ValidateLogin -->
