<?xml version="1.0" encoding="UTF-8"?>
<!-- Generated by org.testng.reporters.JUnitReportReporter -->
<testsuite skipped="0" hostname="LTA122IXLR" name="com.APB.Appium.TestCases.CongratulationScreen" tests="1" failures="0" timestamp="23 Apr 2018 05:38:07 GMT" time="1.346" errors="0">
  <testcase name="congratulation_Onboarding" time="1.346" classname="com.APB.Appium.TestCases.CongratulationScreen"/>
</testsuite> <!-- com.APB.Appium.TestCases.CongratulationScreen -->
